#
# A fatal error has been detected by the Java Runtime Environment:
#
#  Internal Error (safepoint.cpp:310), pid=24501, tid=140596331554560
#  guarantee(PageArmed == 0) failed: invariant
#
# JRE version: Java(TM) SE Runtime Environment (8.0_66-b17) (build 1.8.0_66-b17)
# Java VM: Java HotSpot(TM) 64-Bit Server VM (25.66-b17 mixed mode linux-amd64 compressed oops)
# Failed to write core dump. Core dumps have been disabled. To enable core dumping, try "ulimit -c unlimited" before starting Java again
#
# If you would like to submit a bug report, please visit:
#   http://bugreport.java.com/bugreport/crash.jsp
#

---------------  T H R E A D  ---------------

Current thread (0x00007fdf4c080000):  VMThread [stack: 0x00007fdf22562000,0x00007fdf22663000] [id=24514]

Stack: [0x00007fdf22562000,0x00007fdf22663000],  sp=0x00007fdf22661770,  free space=1021k
Native frames: (J=compiled Java code, j=interpreted, Vv=VM code, C=native code)
V  [libjvm.so+0xab9a1a]  VMError::report_and_die()+0x2ba
V  [libjvm.so+0x4f9422]  report_vm_error(char const*, int, char const*, char const*)+0x62
V  [libjvm.so+0x9b2d54]  SafepointSynchronize::begin()+0x834
V  [libjvm.so+0xac18ad]  VMThread::loop()+0x4bd
V  [libjvm.so+0xac1a30]  VMThread::run()+0x70
V  [libjvm.so+0x91cc68]  java_start(Thread*)+0x108


---------------  P R O C E S S  ---------------

Java Threads: ( => current thread )
  0x00007fdee0006800 JavaThread "RMI TCP Connection(4)-127.0.0.1" daemon [_thread_blocked, id=24548, stack(0x00007fdf20958000,0x00007fdf20a59000)]
  0x00007fdee0004800 JavaThread "RMI TCP Connection(3)-127.0.0.1" daemon [_thread_blocked, id=24547, stack(0x00007fdf20a59000,0x00007fdf20b5a000)]
  0x00007fdee0003000 JavaThread "RMI TCP Connection(2)-127.0.0.1" daemon [_thread_blocked, id=24546, stack(0x00007fdf20b5a000,0x00007fdf20c5b000)]
  0x00007fded4072000 JavaThread "JMX server connection timeout 15" daemon [_thread_blocked, id=24536, stack(0x00007fdf20c5b000,0x00007fdf20d5c000)]
  0x00007fded406f800 JavaThread "RMI Scheduler(0)" daemon [_thread_blocked, id=24532, stack(0x00007fdf20d5c000,0x00007fdf20e5d000)]
  0x00007fdedc10b800 JavaThread "RMI TCP Accept-0" daemon [_thread_blocked, id=24528, stack(0x00007fdf20f5e000,0x00007fdf2105f000)]
  0x00007fdf00001000 JavaThread "Attach Listener" daemon [_thread_blocked, id=24527, stack(0x00007fdf216c1000,0x00007fdf217c2000)]
  0x00007fdf4c0ea800 JavaThread "Service Thread" daemon [_thread_blocked, id=24522, stack(0x00007fdf2191d000,0x00007fdf21a1e000)]
  0x00007fdf4c0c5000 JavaThread "C1 CompilerThread3" daemon [_thread_blocked, id=24521, stack(0x00007fdf21a1e000,0x00007fdf21b1f000)]
  0x00007fdf4c0c3000 JavaThread "C2 CompilerThread2" daemon [_thread_blocked, id=24520, stack(0x00007fdf21b1f000,0x00007fdf21c20000)]
  0x00007fdf4c0c1000 JavaThread "C2 CompilerThread1" daemon [_thread_blocked, id=24519, stack(0x00007fdf21c20000,0x00007fdf21d21000)]
  0x00007fdf4c0be800 JavaThread "C2 CompilerThread0" daemon [_thread_blocked, id=24518, stack(0x00007fdf21d21000,0x00007fdf21e22000)]
  0x00007fdf4c0bd000 JavaThread "Signal Dispatcher" daemon [_thread_blocked, id=24517, stack(0x00007fdf21e22000,0x00007fdf21f23000)]
  0x00007fdf4c087000 JavaThread "Finalizer" daemon [_thread_blocked, id=24516, stack(0x00007fdf22360000,0x00007fdf22461000)]
  0x00007fdf4c085000 JavaThread "Reference Handler" daemon [_thread_blocked, id=24515, stack(0x00007fdf22461000,0x00007fdf22562000)]
  0x00007fdf4c00a000 JavaThread "main" [_thread_in_Java, id=24505, stack(0x00007fdf5571d000,0x00007fdf5581e000)]

Other Threads:
=>0x00007fdf4c080000 VMThread [stack: 0x00007fdf22562000,0x00007fdf22663000] [id=24514]
  0x00007fdf4c0ed000 WatcherThread [stack: 0x00007fdf2181c000,0x00007fdf2191d000] [id=24523]

VM state:synchronizing (normal execution)

VM Mutex/Monitor currently owned by a thread:  ([mutex/lock_event])
[0x00007fdf4c006050] Safepoint_lock - owner thread: 0x00007fdf4c080000
[0x00007fdf4c0060d0] Threads_lock - owner thread: 0x00007fdf4c080000

Heap:
 PSYoungGen      total 1587712K, used 1325836K [0x0000000742980000, 0x00000007c0000000, 0x00000007c0000000)
  eden space 1587200K, 83% used [0x0000000742980000,0x000000079380b270,0x00000007a3780000)
  from space 512K, 43% used [0x00000007bff00000,0x00000007bff38000,0x00000007bff80000)
  to   space 512K, 0% used [0x00000007bff80000,0x00000007bff80000,0x00000007c0000000)
 ParOldGen       total 757760K, used 452234K [0x0000000647c00000, 0x0000000676000000, 0x0000000742980000)
  object space 757760K, 59% used [0x0000000647c00000,0x00000006635a2988,0x0000000676000000)
 Metaspace       used 9543K, capacity 9890K, committed 10112K, reserved 1058816K
  class space    used 1064K, capacity 1152K, committed 1152K, reserved 1048576K

Card table byte_map: [0x00007fdf5192d000,0x00007fdf524f0000] byte_map_base: 0x00007fdf4e6ef000

Marking Bits: (ParMarkBitMap*) 0x00007fdf54bff020
 Begin Bits: [0x00007fdf083e0000, 0x00007fdf0e1f0000)
 End Bits:   [0x00007fdf0e1f0000, 0x00007fdf14000000)

Polling page: 0x00007fdf55846000

CodeCache: size=245760Kb used=5159Kb max_used=5189Kb free=240600Kb
 bounds [0x00007fdf3d000000, 0x00007fdf3d520000, 0x00007fdf4c000000]
 total_blobs=1733 nmethods=1397 adapters=250
 compilation: enabled

Compilation events (10 events):
Event: 1091,928 Thread 0x00007fdf4c0c5000 1641   !   3       sun.reflect.GeneratedMethodAccessor55::invoke (70 bytes)
Event: 1091,928 Thread 0x00007fdf4c0c5000 nmethod 1641 0x00007fdf3d5028d0 code [0x00007fdf3d502ae0, 0x00007fdf3d503378]
Event: 1091,928 Thread 0x00007fdf4c0c5000 1642   !   3       sun.reflect.GeneratedMethodAccessor53::invoke (70 bytes)
Event: 1091,929 Thread 0x00007fdf4c0c5000 nmethod 1642 0x00007fdf3d503910 code [0x00007fdf3d503b20, 0x00007fdf3d504418]
Event: 1091,929 Thread 0x00007fdf4c0c5000 1643   !   3       sun.reflect.GeneratedMethodAccessor57::invoke (70 bytes)
Event: 1091,929 Thread 0x00007fdf4c0c5000 nmethod 1643 0x00007fdf3d5049d0 code [0x00007fdf3d504be0, 0x00007fdf3d505458]
Event: 1091,931 Thread 0x00007fdf4c0c5000 1644   !   3       sun.reflect.GeneratedMethodAccessor58::invoke (70 bytes)
Event: 1091,931 Thread 0x00007fdf4c0c5000 nmethod 1644 0x00007fdf3d505950 code [0x00007fdf3d505ba0, 0x00007fdf3d5066a8]
Event: 1155,927 Thread 0x00007fdf4c0c3000 1645   !   4       sun.rmi.server.UnicastServerRef::dispatch (444 bytes)
Event: 1156,183 Thread 0x00007fdf4c0c3000 nmethod 1645 0x00007fdf3d50e950 code [0x00007fdf3d50efc0, 0x00007fdf3d513c38]

GC Heap History (10 events):
Event: 218,721 GC heap before
{Heap before GC invocations=191 (full 8):
 PSYoungGen      total 1207296K, used 1206976K [0x0000000742980000, 0x00000007c0000000, 0x00000007c0000000)
  eden space 1206784K, 100% used [0x0000000742980000,0x000000078c400000,0x000000078c400000)
  from space 512K, 37% used [0x00000007bff80000,0x00000007bffb0000,0x00000007c0000000)
  to   space 512K, 0% used [0x00000007bff00000,0x00000007bff00000,0x00000007bff80000)
 ParOldGen       total 757760K, used 452146K [0x0000000647c00000, 0x0000000676000000, 0x0000000742980000)
  object space 757760K, 59% used [0x0000000647c00000,0x000000066358c988,0x0000000676000000)
 Metaspace       used 9344K, capacity 9754K, committed 9856K, reserved 1058816K
  class space    used 1057K, capacity 1149K, committed 1152K, reserved 1048576K
Event: 218,732 GC heap after
Heap after GC invocations=191 (full 8):
 PSYoungGen      total 1285120K, used 192K [0x0000000742980000, 0x00000007c0000000, 0x00000007c0000000)
  eden space 1284608K, 0% used [0x0000000742980000,0x0000000742980000,0x0000000791000000)
  from space 512K, 37% used [0x00000007bff00000,0x00000007bff30000,0x00000007bff80000)
  to   space 512K, 0% used [0x00000007bff80000,0x00000007bff80000,0x00000007c0000000)
 ParOldGen       total 757760K, used 452170K [0x0000000647c00000, 0x0000000676000000, 0x0000000742980000)
  object space 757760K, 59% used [0x0000000647c00000,0x0000000663592988,0x0000000676000000)
 Metaspace       used 9344K, capacity 9754K, committed 9856K, reserved 1058816K
  class space    used 1057K, capacity 1149K, committed 1152K, reserved 1048576K
}
Event: 219,610 GC heap before
{Heap before GC invocations=192 (full 8):
 PSYoungGen      total 1285120K, used 1284800K [0x0000000742980000, 0x00000007c0000000, 0x00000007c0000000)
  eden space 1284608K, 100% used [0x0000000742980000,0x0000000791000000,0x0000000791000000)
  from space 512K, 37% used [0x00000007bff00000,0x00000007bff30000,0x00000007bff80000)
  to   space 512K, 0% used [0x00000007bff80000,0x00000007bff80000,0x00000007c0000000)
 ParOldGen       total 757760K, used 452170K [0x0000000647c00000, 0x0000000676000000, 0x0000000742980000)
  object space 757760K, 59% used [0x0000000647c00000,0x0000000663592988,0x0000000676000000)
 Metaspace       used 9344K, capacity 9754K, committed 9856K, reserved 1058816K
  class space    used 1057K, capacity 1149K, committed 1152K, reserved 1048576K
Event: 219,612 GC heap after
Heap after GC invocations=192 (full 8):
 PSYoungGen      total 1355776K, used 224K [0x0000000742980000, 0x00000007c0000000, 0x00000007c0000000)
  eden space 1355264K, 0% used [0x0000000742980000,0x0000000742980000,0x0000000795500000)
  from space 512K, 43% used [0x00000007bff80000,0x00000007bffb8000,0x00000007c0000000)
  to   space 512K, 0% used [0x00000007bff00000,0x00000007bff00000,0x00000007bff80000)
 ParOldGen       total 757760K, used 452186K [0x0000000647c00000, 0x0000000676000000, 0x0000000742980000)
  object space 757760K, 59% used [0x0000000647c00000,0x0000000663596988,0x0000000676000000)
 Metaspace       used 9344K, capacity 9754K, committed 9856K, reserved 1058816K
  class space    used 1057K, capacity 1149K, committed 1152K, reserved 1048576K
}
Event: 220,539 GC heap before
{Heap before GC invocations=193 (full 8):
 PSYoungGen      total 1355776K, used 1355488K [0x0000000742980000, 0x00000007c0000000, 0x00000007c0000000)
  eden space 1355264K, 100% used [0x0000000742980000,0x0000000795500000,0x0000000795500000)
  from space 512K, 43% used [0x00000007bff80000,0x00000007bffb8000,0x00000007c0000000)
  to   space 512K, 0% used [0x00000007bff00000,0x00000007bff00000,0x00000007bff80000)
 ParOldGen       total 757760K, used 452186K [0x0000000647c00000, 0x0000000676000000, 0x0000000742980000)
  object space 757760K, 59% used [0x0000000647c00000,0x0000000663596988,0x0000000676000000)
 Metaspace       used 9347K, capacity 9754K, committed 9856K, reserved 1058816K
  class space    used 1057K, capacity 1149K, committed 1152K, reserved 1048576K
Event: 220,540 GC heap after
Heap after GC invocations=193 (full 8):
 PSYoungGen      total 1418752K, used 160K [0x0000000742980000, 0x00000007c0000000, 0x00000007c0000000)
  eden space 1418240K, 0% used [0x0000000742980000,0x0000000742980000,0x0000000799280000)
  from space 512K, 31% used [0x00000007bff00000,0x00000007bff28000,0x00000007bff80000)
  to   space 512K, 0% used [0x00000007bff80000,0x00000007bff80000,0x00000007c0000000)
 ParOldGen       total 757760K, used 452202K [0x0000000647c00000, 0x0000000676000000, 0x0000000742980000)
  object space 757760K, 59% used [0x0000000647c00000,0x000000066359a988,0x0000000676000000)
 Metaspace       used 9347K, capacity 9754K, committed 9856K, reserved 1058816K
  class space    used 1057K, capacity 1149K, committed 1152K, reserved 1048576K
}
Event: 221,510 GC heap before
{Heap before GC invocations=194 (full 8):
 PSYoungGen      total 1418752K, used 1418400K [0x0000000742980000, 0x00000007c0000000, 0x00000007c0000000)
  eden space 1418240K, 100% used [0x0000000742980000,0x0000000799280000,0x0000000799280000)
  from space 512K, 31% used [0x00000007bff00000,0x00000007bff28000,0x00000007bff80000)
  to   space 512K, 0% used [0x00000007bff80000,0x00000007bff80000,0x00000007c0000000)
 ParOldGen       total 757760K, used 452202K [0x0000000647c00000, 0x0000000676000000, 0x0000000742980000)
  object space 757760K, 59% used [0x0000000647c00000,0x000000066359a988,0x0000000676000000)
 Metaspace       used 9347K, capacity 9754K, committed 9856K, reserved 1058816K
  class space    used 1057K, capacity 1149K, committed 1152K, reserved 1048576K
Event: 221,526 GC heap after
Heap after GC invocations=194 (full 8):
 PSYoungGen      total 1499648K, used 224K [0x0000000742980000, 0x00000007c0000000, 0x00000007c0000000)
  eden space 1499136K, 0% used [0x0000000742980000,0x0000000742980000,0x000000079e180000)
  from space 512K, 43% used [0x00000007bff80000,0x00000007bffb8000,0x00000007c0000000)
  to   space 512K, 0% used [0x00000007bff00000,0x00000007bff00000,0x00000007bff80000)
 ParOldGen       total 757760K, used 452218K [0x0000000647c00000, 0x0000000676000000, 0x0000000742980000)
  object space 757760K, 59% used [0x0000000647c00000,0x000000066359e988,0x0000000676000000)
 Metaspace       used 9347K, capacity 9754K, committed 9856K, reserved 1058816K
  class space    used 1057K, capacity 1149K, committed 1152K, reserved 1048576K
}
Event: 222,552 GC heap before
{Heap before GC invocations=195 (full 8):
 PSYoungGen      total 1499648K, used 1499360K [0x0000000742980000, 0x00000007c0000000, 0x00000007c0000000)
  eden space 1499136K, 100% used [0x0000000742980000,0x000000079e180000,0x000000079e180000)
  from space 512K, 43% used [0x00000007bff80000,0x00000007bffb8000,0x00000007c0000000)
  to   space 512K, 0% used [0x00000007bff00000,0x00000007bff00000,0x00000007bff80000)
 ParOldGen       total 757760K, used 452218K [0x0000000647c00000, 0x0000000676000000, 0x0000000742980000)
  object space 757760K, 59% used [0x0000000647c00000,0x000000066359e988,0x0000000676000000)
 Metaspace       used 9347K, capacity 9754K, committed 9856K, reserved 1058816K
  class space    used 1057K, capacity 1149K, committed 1152K, reserved 1048576K
Event: 222,563 GC heap after
Heap after GC invocations=195 (full 8):
 PSYoungGen      total 1587712K, used 224K [0x0000000742980000, 0x00000007c0000000, 0x00000007c0000000)
  eden space 1587200K, 0% used [0x0000000742980000,0x0000000742980000,0x00000007a3780000)
  from space 512K, 43% used [0x00000007bff00000,0x00000007bff38000,0x00000007bff80000)
  to   space 512K, 0% used [0x00000007bff80000,0x00000007bff80000,0x00000007c0000000)
 ParOldGen       total 757760K, used 452234K [0x0000000647c00000, 0x0000000676000000, 0x0000000742980000)
  object space 757760K, 59% used [0x0000000647c00000,0x00000006635a2988,0x0000000676000000)
 Metaspace       used 9347K, capacity 9754K, committed 9856K, reserved 1058816K
  class space    used 1057K, capacity 1149K, committed 1152K, reserved 1048576K
}

Deoptimization events (10 events):
Event: 36,628 Thread 0x00007fdf4c00a000 Uncommon trap: reason=unstable_if action=reinterpret pc=0x00007fdf3d43aa9c method=Spectrum.SpectraMatrix.deleteEmptyBins()V @ 39
Event: 36,690 Thread 0x00007fdf4c00a000 Uncommon trap: reason=unstable_if action=reinterpret pc=0x00007fdf3d44ebd0 method=Spectrum.SpectraMatrix.center()V @ 10
Event: 223,387 Thread 0x00007fdf4c00a000 Uncommon trap: reason=unstable_if action=reinterpret pc=0x00007fdf3d1814e4 method=weka.core.matrix.Matrix.isSymmetric()Z @ 25
Event: 307,853 Thread 0x00007fdee0003000 Uncommon trap: reason=unstable_if action=reinterpret pc=0x00007fdf3d395de0 method=java.io.ObjectOutputStream$BlockDataOutputStream.write([BIIZ)V @ 2
Event: 871,924 Thread 0x00007fdee0003000 Uncommon trap: reason=predicate action=maybe_recompile pc=0x00007fdf3d4be06c method=java.io.ObjectInputStream.readArray(Z)Ljava/lang/Object; @ 397
Event: 907,854 Thread 0x00007fdee0004800 Uncommon trap: reason=class_check action=maybe_recompile pc=0x00007fdf3d4c43d8 method=java.lang.reflect.Array.newInstance(Ljava/lang/Class;I)Ljava/lang/Object; @ 2
Event: 907,924 Thread 0x00007fdee0003000 Uncommon trap: reason=array_check action=maybe_recompile pc=0x00007fdf3d4c4278 method=java.io.ObjectInputStream.readArray(Z)Ljava/lang/Object; @ 406
Event: 907,924 Thread 0x00007fdee0003000 Uncommon trap: reason=array_check action=maybe_recompile pc=0x00007fdf3d4c4278 method=java.io.ObjectInputStream.readArray(Z)Ljava/lang/Object; @ 406
Event: 907,925 Thread 0x00007fdee0003000 Uncommon trap: reason=array_check action=maybe_recompile pc=0x00007fdf3d4c4278 method=java.io.ObjectInputStream.readArray(Z)Ljava/lang/Object; @ 406
Event: 907,925 Thread 0x00007fdee0003000 Uncommon trap: reason=array_check action=maybe_recompile pc=0x00007fdf3d4c4278 method=java.io.ObjectInputStream.readArray(Z)Ljava/lang/Object; @ 406

Internal exceptions (10 events):
Event: 7,968 Thread 0x00007fdee0004800 Exception <a 'java/lang/NoSuchMethodError': <clinit>> (0x0000000744081328) thrown at [/HUDSON/workspace/8-2-build-linux-amd64/jdk8u66/4988/hotspot/src/share/vm/prims/jni.cpp, line 1591]
Event: 8,014 Thread 0x00007fdee0003000 Exception <a 'java/lang/reflect/InvocationTargetException'> (0x0000000743f17ec8) thrown at [/HUDSON/workspace/8-2-build-linux-amd64/jdk8u66/4988/hotspot/src/share/vm/runtime/reflection.cpp, line 1092]
Event: 8,016 Thread 0x00007fdee0003000 Exception <a 'java/lang/reflect/InvocationTargetException'> (0x0000000743f1f008) thrown at [/HUDSON/workspace/8-2-build-linux-amd64/jdk8u66/4988/hotspot/src/share/vm/runtime/reflection.cpp, line 1092]
Event: 11,913 Thread 0x00007fdee0003000 Exception <a 'java/lang/reflect/InvocationTargetException'> (0x0000000743f6d000) thrown at [/HUDSON/workspace/8-2-build-linux-amd64/jdk8u66/4988/hotspot/src/share/vm/runtime/reflection.cpp, line 1092]
Event: 11,915 Thread 0x00007fdee0003000 Exception <a 'java/lang/reflect/InvocationTargetException'> (0x0000000743f7c1a8) thrown at [/HUDSON/workspace/8-2-build-linux-amd64/jdk8u66/4988/hotspot/src/share/vm/runtime/reflection.cpp, line 1092]
Event: 15,913 Thread 0x00007fdee0003000 Exception <a 'java/lang/reflect/InvocationTargetException'> (0x0000000743fa3020) thrown at [/HUDSON/workspace/8-2-build-linux-amd64/jdk8u66/4988/hotspot/src/share/vm/runtime/reflection.cpp, line 1092]
Event: 15,913 Thread 0x00007fdee0003000 Exception <a 'java/lang/reflect/InvocationTargetException'> (0x0000000743fa6af0) thrown at [/HUDSON/workspace/8-2-build-linux-amd64/jdk8u66/4988/hotspot/src/share/vm/runtime/reflection.cpp, line 1092]
Event: 30,084 Thread 0x00007fdf4c0ea800 Exception <a 'java/lang/ArrayIndexOutOfBoundsException'> (0x00000007429817a8) thrown at [/HUDSON/workspace/8-2-build-linux-amd64/jdk8u66/4988/hotspot/src/share/vm/runtime/sharedRuntime.cpp, line 605]
Event: 30,085 Thread 0x00007fdf4c0ea800 Exception <a 'java/lang/ArrayIndexOutOfBoundsException'> (0x0000000742983e28) thrown at [/HUDSON/workspace/8-2-build-linux-amd64/jdk8u66/4988/hotspot/src/share/vm/runtime/sharedRuntime.cpp, line 605]
Event: 30,086 Thread 0x00007fdf4c0ea800 Exception <a 'java/lang/ArrayIndexOutOfBoundsException'> (0x0000000742985a10) thrown at [/HUDSON/workspace/8-2-build-linux-amd64/jdk8u66/4988/hotspot/src/share/vm/runtime/sharedRuntime.cpp, line 605]

Events (10 events):
Event: 907,925 Thread 0x00007fdee0003000 Uncommon trap: trap_request=0xffffffd6 fr.pc=0x00007fdf3d4c4278
Event: 907,925 Thread 0x00007fdee0003000 DEOPT PACKING pc=0x00007fdf3d4c4278 sp=0x00007fdf20c57ab0
Event: 907,925 Thread 0x00007fdee0003000 DEOPT UNPACKING pc=0x00007fdf3d005229 sp=0x00007fdf20c57a40 mode 2
Event: 907,925 Thread 0x00007fdee0003000 Uncommon trap: trap_request=0xffffffd6 fr.pc=0x00007fdf3d4c4278
Event: 907,925 Thread 0x00007fdee0003000 DEOPT PACKING pc=0x00007fdf3d4c4278 sp=0x00007fdf20c57ab0
Event: 907,925 Thread 0x00007fdee0003000 DEOPT UNPACKING pc=0x00007fdf3d005229 sp=0x00007fdf20c57a40 mode 2
Event: 995,928 Thread 0x00007fdf4c0c5000 flushing nmethod 0x00007fdf3d213cd0
Event: 999,927 Thread 0x00007fdf4c0c5000 flushing nmethod 0x00007fdf3d24ad90
Event: 999,927 Thread 0x00007fdf4c0c5000 flushing nmethod 0x00007fdf3d288110
Event: 1003,926 Thread 0x00007fdf4c0c5000 flushing nmethod 0x00007fdf3d32b490


Dynamic libraries:
00400000-00401000 r-xp 00000000 08:01 657842                             /usr/lib/jvm/java-8-oracle/bin/java
00600000-00601000 rw-p 00000000 08:01 657842                             /usr/lib/jvm/java-8-oracle/bin/java
008c5000-008e6000 rw-p 00000000 00:00 0                                  [heap]
647c00000-676000000 rw-p 00000000 00:00 0 
676000000-742980000 ---p 00000000 00:00 0 
742980000-7c0000000 rw-p 00000000 00:00 0 
7c0000000-7c0120000 rw-p 00000000 00:00 0 
7c0120000-800000000 ---p 00000000 00:00 0 
7fdebc000000-7fdebc021000 rw-p 00000000 00:00 0 
7fdebc021000-7fdec0000000 ---p 00000000 00:00 0 
7fdec4000000-7fdec4021000 rw-p 00000000 00:00 0 
7fdec4021000-7fdec8000000 ---p 00000000 00:00 0 
7fdec8000000-7fdec828f000 rw-p 00000000 00:00 0 
7fdec828f000-7fdecc000000 ---p 00000000 00:00 0 
7fdecc000000-7fdecc021000 rw-p 00000000 00:00 0 
7fdecc021000-7fded0000000 ---p 00000000 00:00 0 
7fded0000000-7fded0048000 rw-p 00000000 00:00 0 
7fded0048000-7fded4000000 ---p 00000000 00:00 0 
7fded4000000-7fded430b000 rw-p 00000000 00:00 0 
7fded430b000-7fded8000000 ---p 00000000 00:00 0 
7fded8000000-7fded8021000 rw-p 00000000 00:00 0 
7fded8021000-7fdedc000000 ---p 00000000 00:00 0 
7fdedc000000-7fdedc137000 rw-p 00000000 00:00 0 
7fdedc137000-7fdee0000000 ---p 00000000 00:00 0 
7fdee0000000-7fdee0021000 rw-p 00000000 00:00 0 
7fdee0021000-7fdee4000000 ---p 00000000 00:00 0 
7fdee4000000-7fdee4021000 rw-p 00000000 00:00 0 
7fdee4021000-7fdee8000000 ---p 00000000 00:00 0 
7fdee8000000-7fdee8021000 rw-p 00000000 00:00 0 
7fdee8021000-7fdeec000000 ---p 00000000 00:00 0 
7fdeec000000-7fdeecce2000 rw-p 00000000 00:00 0 
7fdeecce2000-7fdef0000000 ---p 00000000 00:00 0 
7fdef0000000-7fdef0353000 rw-p 00000000 00:00 0 
7fdef0353000-7fdef4000000 ---p 00000000 00:00 0 
7fdef4000000-7fdef4c6f000 rw-p 00000000 00:00 0 
7fdef4c6f000-7fdef8000000 ---p 00000000 00:00 0 
7fdef8000000-7fdef973c000 rw-p 00000000 00:00 0 
7fdef973c000-7fdefc000000 ---p 00000000 00:00 0 
7fdefc000000-7fdefc021000 rw-p 00000000 00:00 0 
7fdefc021000-7fdf00000000 ---p 00000000 00:00 0 
7fdf00000000-7fdf00021000 rw-p 00000000 00:00 0 
7fdf00021000-7fdf04000000 ---p 00000000 00:00 0 
7fdf04000000-7fdf04021000 rw-p 00000000 00:00 0 
7fdf04021000-7fdf08000000 ---p 00000000 00:00 0 
7fdf083e0000-7fdf14000000 rw-p 00000000 00:00 0 
7fdf14000000-7fdf14021000 rw-p 00000000 00:00 0 
7fdf14021000-7fdf18000000 ---p 00000000 00:00 0 
7fdf18000000-7fdf1828b000 rw-p 00000000 00:00 0 
7fdf1828b000-7fdf1c000000 ---p 00000000 00:00 0 
7fdf1c000000-7fdf1c021000 rw-p 00000000 00:00 0 
7fdf1c021000-7fdf20000000 ---p 00000000 00:00 0 
7fdf20657000-7fdf20717000 rw-p 00000000 00:00 0 
7fdf20717000-7fdf2085a000 ---p 00000000 00:00 0 
7fdf2085a000-7fdf20958000 rw-p 00000000 00:00 0 
7fdf20958000-7fdf2095b000 ---p 00000000 00:00 0 
7fdf2095b000-7fdf20a59000 rw-p 00000000 00:00 0                          [stack:24548]
7fdf20a59000-7fdf20a5c000 ---p 00000000 00:00 0 
7fdf20a5c000-7fdf20b5a000 rw-p 00000000 00:00 0                          [stack:24547]
7fdf20b5a000-7fdf20b5d000 ---p 00000000 00:00 0 
7fdf20b5d000-7fdf20c5b000 rw-p 00000000 00:00 0                          [stack:24546]
7fdf20c5b000-7fdf20c5e000 ---p 00000000 00:00 0 
7fdf20c5e000-7fdf20d5c000 rw-p 00000000 00:00 0                          [stack:24536]
7fdf20d5c000-7fdf20d5f000 ---p 00000000 00:00 0 
7fdf20d5f000-7fdf20e5d000 rw-p 00000000 00:00 0                          [stack:24532]
7fdf20e5d000-7fdf20e60000 ---p 00000000 00:00 0 
7fdf20e60000-7fdf20f5e000 rw-p 00000000 00:00 0 
7fdf20f5e000-7fdf20f61000 ---p 00000000 00:00 0 
7fdf20f61000-7fdf2105f000 rw-p 00000000 00:00 0                          [stack:24528]
7fdf2105f000-7fdf21070000 r-xp 00000000 08:01 787288                     /usr/lib/jvm/java-8-oracle/jre/lib/amd64/libnio.so
7fdf21070000-7fdf2126f000 ---p 00011000 08:01 787288                     /usr/lib/jvm/java-8-oracle/jre/lib/amd64/libnio.so
7fdf2126f000-7fdf21270000 rw-p 00010000 08:01 787288                     /usr/lib/jvm/java-8-oracle/jre/lib/amd64/libnio.so
7fdf21270000-7fdf21278000 r-xp 00000000 08:01 787308                     /usr/lib/jvm/java-8-oracle/jre/lib/amd64/libmanagement.so
7fdf21278000-7fdf21478000 ---p 00008000 08:01 787308                     /usr/lib/jvm/java-8-oracle/jre/lib/amd64/libmanagement.so
7fdf21478000-7fdf21479000 rw-p 00008000 08:01 787308                     /usr/lib/jvm/java-8-oracle/jre/lib/amd64/libmanagement.so
7fdf21479000-7fdf214aa000 rw-p 00000000 00:00 0 
7fdf214aa000-7fdf214c0000 r-xp 00000000 08:01 787317                     /usr/lib/jvm/java-8-oracle/jre/lib/amd64/libnet.so
7fdf214c0000-7fdf216c0000 ---p 00016000 08:01 787317                     /usr/lib/jvm/java-8-oracle/jre/lib/amd64/libnet.so
7fdf216c0000-7fdf216c1000 rw-p 00016000 08:01 787317                     /usr/lib/jvm/java-8-oracle/jre/lib/amd64/libnet.so
7fdf216c1000-7fdf216c4000 ---p 00000000 00:00 0 
7fdf216c4000-7fdf217c2000 rw-p 00000000 00:00 0                          [stack:24527]
7fdf217c2000-7fdf217ff000 r--s 00604000 08:01 44957761                   /home/wens/NetBeansProjects/MassSpec/lib/weka.jar
7fdf217ff000-7fdf2181c000 r--s 0039c000 08:01 44957762                   /home/wens/NetBeansProjects/MassSpec/lib/jide-oss.jar
7fdf2181c000-7fdf2181d000 ---p 00000000 00:00 0 
7fdf2181d000-7fdf2191d000 rw-p 00000000 00:00 0                          [stack:24523]
7fdf2191d000-7fdf21920000 ---p 00000000 00:00 0 
7fdf21920000-7fdf21a1e000 rw-p 00000000 00:00 0                          [stack:24522]
7fdf21a1e000-7fdf21a21000 ---p 00000000 00:00 0 
7fdf21a21000-7fdf21b1f000 rw-p 00000000 00:00 0                          [stack:24521]
7fdf21b1f000-7fdf21b22000 ---p 00000000 00:00 0 
7fdf21b22000-7fdf21c20000 rw-p 00000000 00:00 0                          [stack:24520]
7fdf21c20000-7fdf21c23000 ---p 00000000 00:00 0 
7fdf21c23000-7fdf21d21000 rw-p 00000000 00:00 0                          [stack:24519]
7fdf21d21000-7fdf21d24000 ---p 00000000 00:00 0 
7fdf21d24000-7fdf21e22000 rw-p 00000000 00:00 0                          [stack:24518]
7fdf21e22000-7fdf21e25000 ---p 00000000 00:00 0 
7fdf21e25000-7fdf21f23000 rw-p 00000000 00:00 0                          [stack:24517]
7fdf21f23000-7fdf22360000 r--p 00000000 08:01 117184391                  /usr/lib/locale/locale-archive
7fdf22360000-7fdf22363000 ---p 00000000 00:00 0 
7fdf22363000-7fdf22461000 rw-p 00000000 00:00 0                          [stack:24516]
7fdf22461000-7fdf22464000 ---p 00000000 00:00 0 
7fdf22464000-7fdf22562000 rw-p 00000000 00:00 0                          [stack:24515]
7fdf22562000-7fdf22563000 ---p 00000000 00:00 0 
7fdf22563000-7fdf24000000 rw-p 00000000 00:00 0                          [stack:24514]
7fdf24000000-7fdf24021000 rw-p 00000000 00:00 0 
7fdf24021000-7fdf28000000 ---p 00000000 00:00 0 
7fdf28000000-7fdf28021000 rw-p 00000000 00:00 0 
7fdf28021000-7fdf2c000000 ---p 00000000 00:00 0 
7fdf2c000000-7fdf2c021000 rw-p 00000000 00:00 0 
7fdf2c021000-7fdf30000000 ---p 00000000 00:00 0 
7fdf30000000-7fdf30021000 rw-p 00000000 00:00 0 
7fdf30021000-7fdf34000000 ---p 00000000 00:00 0 
7fdf34000000-7fdf34021000 rw-p 00000000 00:00 0 
7fdf34021000-7fdf38000000 ---p 00000000 00:00 0 
7fdf38000000-7fdf38021000 rw-p 00000000 00:00 0 
7fdf38021000-7fdf3c000000 ---p 00000000 00:00 0 
7fdf3c000000-7fdf3c265000 rw-p 00000000 00:00 0 
7fdf3c265000-7fdf3c43e000 r--s 03d20000 08:01 787276                     /usr/lib/jvm/java-8-oracle/jre/lib/rt.jar
7fdf3c43e000-7fdf3d000000 rw-p 00000000 00:00 0 
7fdf3d000000-7fdf3d520000 rwxp 00000000 00:00 0 
7fdf3d520000-7fdf4c000000 ---p 00000000 00:00 0 
7fdf4c000000-7fdf4c1a4000 rw-p 00000000 00:00 0 
7fdf4c1a4000-7fdf50000000 ---p 00000000 00:00 0 
7fdf5000d000-7fdf5094e000 rw-p 00000000 00:00 0 
7fdf5094e000-7fdf5094f000 ---p 00000000 00:00 0 
7fdf5094f000-7fdf50a4f000 rw-p 00000000 00:00 0                          [stack:24513]
7fdf50a4f000-7fdf50a50000 ---p 00000000 00:00 0 
7fdf50a50000-7fdf50b50000 rw-p 00000000 00:00 0                          [stack:24512]
7fdf50b50000-7fdf50b51000 ---p 00000000 00:00 0 
7fdf50b51000-7fdf50c51000 rw-p 00000000 00:00 0                          [stack:24511]
7fdf50c51000-7fdf50c52000 ---p 00000000 00:00 0 
7fdf50c52000-7fdf50d52000 rw-p 00000000 00:00 0                          [stack:24510]
7fdf50d52000-7fdf50d53000 ---p 00000000 00:00 0 
7fdf50d53000-7fdf50e53000 rw-p 00000000 00:00 0                          [stack:24509]
7fdf50e53000-7fdf50e54000 ---p 00000000 00:00 0 
7fdf50e54000-7fdf50f54000 rw-p 00000000 00:00 0                          [stack:24508]
7fdf50f54000-7fdf50f55000 ---p 00000000 00:00 0 
7fdf50f55000-7fdf51055000 rw-p 00000000 00:00 0                          [stack:24507]
7fdf51055000-7fdf51056000 ---p 00000000 00:00 0 
7fdf51056000-7fdf512c8000 rw-p 00000000 00:00 0                          [stack:24506]
7fdf512c8000-7fdf5192d000 ---p 00000000 00:00 0 
7fdf5192d000-7fdf51a9f000 rw-p 00000000 00:00 0 
7fdf51a9f000-7fdf52103000 ---p 00000000 00:00 0 
7fdf52103000-7fdf524ef000 rw-p 00000000 00:00 0 
7fdf524ef000-7fdf52505000 rw-p 00000000 00:00 0 
7fdf52505000-7fdf528b0000 ---p 00000000 00:00 0 
7fdf528b0000-7fdf528ca000 r-xp 00000000 08:01 787302                     /usr/lib/jvm/java-8-oracle/jre/lib/amd64/libzip.so
7fdf528ca000-7fdf52aca000 ---p 0001a000 08:01 787302                     /usr/lib/jvm/java-8-oracle/jre/lib/amd64/libzip.so
7fdf52aca000-7fdf52acb000 rw-p 0001a000 08:01 787302                     /usr/lib/jvm/java-8-oracle/jre/lib/amd64/libzip.so
7fdf52acb000-7fdf52ad6000 r-xp 00000000 08:01 3408862                    /lib/x86_64-linux-gnu/libnss_files-2.19.so
7fdf52ad6000-7fdf52cd5000 ---p 0000b000 08:01 3408862                    /lib/x86_64-linux-gnu/libnss_files-2.19.so
7fdf52cd5000-7fdf52cd6000 r--p 0000a000 08:01 3408862                    /lib/x86_64-linux-gnu/libnss_files-2.19.so
7fdf52cd6000-7fdf52cd7000 rw-p 0000b000 08:01 3408862                    /lib/x86_64-linux-gnu/libnss_files-2.19.so
7fdf52cd7000-7fdf52ce2000 r-xp 00000000 08:01 3408926                    /lib/x86_64-linux-gnu/libnss_nis-2.19.so
7fdf52ce2000-7fdf52ee1000 ---p 0000b000 08:01 3408926                    /lib/x86_64-linux-gnu/libnss_nis-2.19.so
7fdf52ee1000-7fdf52ee2000 r--p 0000a000 08:01 3408926                    /lib/x86_64-linux-gnu/libnss_nis-2.19.so
7fdf52ee2000-7fdf52ee3000 rw-p 0000b000 08:01 3408926                    /lib/x86_64-linux-gnu/libnss_nis-2.19.so
7fdf52ee3000-7fdf52efa000 r-xp 00000000 08:01 3408884                    /lib/x86_64-linux-gnu/libnsl-2.19.so
7fdf52efa000-7fdf530f9000 ---p 00017000 08:01 3408884                    /lib/x86_64-linux-gnu/libnsl-2.19.so
7fdf530f9000-7fdf530fa000 r--p 00016000 08:01 3408884                    /lib/x86_64-linux-gnu/libnsl-2.19.so
7fdf530fa000-7fdf530fb000 rw-p 00017000 08:01 3408884                    /lib/x86_64-linux-gnu/libnsl-2.19.so
7fdf530fb000-7fdf530fd000 rw-p 00000000 00:00 0 
7fdf530fd000-7fdf53106000 r-xp 00000000 08:01 3408883                    /lib/x86_64-linux-gnu/libnss_compat-2.19.so
7fdf53106000-7fdf53305000 ---p 00009000 08:01 3408883                    /lib/x86_64-linux-gnu/libnss_compat-2.19.so
7fdf53305000-7fdf53306000 r--p 00008000 08:01 3408883                    /lib/x86_64-linux-gnu/libnss_compat-2.19.so
7fdf53306000-7fdf53307000 rw-p 00009000 08:01 3408883                    /lib/x86_64-linux-gnu/libnss_compat-2.19.so
7fdf53307000-7fdf53331000 r-xp 00000000 08:01 787287                     /usr/lib/jvm/java-8-oracle/jre/lib/amd64/libjava.so
7fdf53331000-7fdf53531000 ---p 0002a000 08:01 787287                     /usr/lib/jvm/java-8-oracle/jre/lib/amd64/libjava.so
7fdf53531000-7fdf53533000 rw-p 0002a000 08:01 787287                     /usr/lib/jvm/java-8-oracle/jre/lib/amd64/libjava.so
7fdf53533000-7fdf53540000 r-xp 00000000 08:01 787335                     /usr/lib/jvm/java-8-oracle/jre/lib/amd64/libverify.so
7fdf53540000-7fdf53740000 ---p 0000d000 08:01 787335                     /usr/lib/jvm/java-8-oracle/jre/lib/amd64/libverify.so
7fdf53740000-7fdf53742000 rw-p 0000d000 08:01 787335                     /usr/lib/jvm/java-8-oracle/jre/lib/amd64/libverify.so
7fdf53742000-7fdf53749000 r-xp 00000000 08:01 3408923                    /lib/x86_64-linux-gnu/librt-2.19.so
7fdf53749000-7fdf53948000 ---p 00007000 08:01 3408923                    /lib/x86_64-linux-gnu/librt-2.19.so
7fdf53948000-7fdf53949000 r--p 00006000 08:01 3408923                    /lib/x86_64-linux-gnu/librt-2.19.so
7fdf53949000-7fdf5394a000 rw-p 00007000 08:01 3408923                    /lib/x86_64-linux-gnu/librt-2.19.so
7fdf5394a000-7fdf53a4f000 r-xp 00000000 08:01 3408861                    /lib/x86_64-linux-gnu/libm-2.19.so
7fdf53a4f000-7fdf53c4e000 ---p 00105000 08:01 3408861                    /lib/x86_64-linux-gnu/libm-2.19.so
7fdf53c4e000-7fdf53c4f000 r--p 00104000 08:01 3408861                    /lib/x86_64-linux-gnu/libm-2.19.so
7fdf53c4f000-7fdf53c50000 rw-p 00105000 08:01 3408861                    /lib/x86_64-linux-gnu/libm-2.19.so
7fdf53c50000-7fdf5490e000 r-xp 00000000 08:01 787292                     /usr/lib/jvm/java-8-oracle/jre/lib/amd64/server/libjvm.so
7fdf5490e000-7fdf54b0d000 ---p 00cbe000 08:01 787292                     /usr/lib/jvm/java-8-oracle/jre/lib/amd64/server/libjvm.so
7fdf54b0d000-7fdf54be6000 rw-p 00cbd000 08:01 787292                     /usr/lib/jvm/java-8-oracle/jre/lib/amd64/server/libjvm.so
7fdf54be6000-7fdf54c2a000 rw-p 00000000 00:00 0 
7fdf54c2a000-7fdf54de5000 r-xp 00000000 08:01 3408912                    /lib/x86_64-linux-gnu/libc-2.19.so
7fdf54de5000-7fdf54fe4000 ---p 001bb000 08:01 3408912                    /lib/x86_64-linux-gnu/libc-2.19.so
7fdf54fe4000-7fdf54fe8000 r--p 001ba000 08:01 3408912                    /lib/x86_64-linux-gnu/libc-2.19.so
7fdf54fe8000-7fdf54fea000 rw-p 001be000 08:01 3408912                    /lib/x86_64-linux-gnu/libc-2.19.so
7fdf54fea000-7fdf54fef000 rw-p 00000000 00:00 0 
7fdf54fef000-7fdf54ff2000 r-xp 00000000 08:01 3408865                    /lib/x86_64-linux-gnu/libdl-2.19.so
7fdf54ff2000-7fdf551f1000 ---p 00003000 08:01 3408865                    /lib/x86_64-linux-gnu/libdl-2.19.so
7fdf551f1000-7fdf551f2000 r--p 00002000 08:01 3408865                    /lib/x86_64-linux-gnu/libdl-2.19.so
7fdf551f2000-7fdf551f3000 rw-p 00003000 08:01 3408865                    /lib/x86_64-linux-gnu/libdl-2.19.so
7fdf551f3000-7fdf55208000 r-xp 00000000 08:01 657943                     /usr/lib/jvm/java-8-oracle/lib/amd64/jli/libjli.so
7fdf55208000-7fdf55408000 ---p 00015000 08:01 657943                     /usr/lib/jvm/java-8-oracle/lib/amd64/jli/libjli.so
7fdf55408000-7fdf55409000 rw-p 00015000 08:01 657943                     /usr/lib/jvm/java-8-oracle/lib/amd64/jli/libjli.so
7fdf55409000-7fdf55422000 r-xp 00000000 08:01 3408913                    /lib/x86_64-linux-gnu/libpthread-2.19.so
7fdf55422000-7fdf55621000 ---p 00019000 08:01 3408913                    /lib/x86_64-linux-gnu/libpthread-2.19.so
7fdf55621000-7fdf55622000 r--p 00018000 08:01 3408913                    /lib/x86_64-linux-gnu/libpthread-2.19.so
7fdf55622000-7fdf55623000 rw-p 00019000 08:01 3408913                    /lib/x86_64-linux-gnu/libpthread-2.19.so
7fdf55623000-7fdf55627000 rw-p 00000000 00:00 0 
7fdf55627000-7fdf5564a000 r-xp 00000000 08:01 3408888                    /lib/x86_64-linux-gnu/ld-2.19.so
7fdf5565e000-7fdf5571d000 rw-p 00000000 00:00 0 
7fdf5571d000-7fdf55720000 ---p 00000000 00:00 0 
7fdf55720000-7fdf55822000 rw-p 00000000 00:00 0                          [stack:24505]
7fdf5582f000-7fdf55830000 rw-p 00000000 00:00 0 
7fdf55830000-7fdf55835000 r--s 00096000 08:01 787258                     /usr/lib/jvm/java-8-oracle/jre/lib/jsse.jar
7fdf55835000-7fdf55839000 r--s 0003b000 08:01 44957760                   /home/wens/NetBeansProjects/MassSpec/lib/jmathplot.jar
7fdf55839000-7fdf5583d000 r--s 0002a000 08:01 44957763                   /home/wens/NetBeansProjects/MassSpec/lib/commons-io-2.4.jar
7fdf5583d000-7fdf55845000 rw-s 00000000 08:01 56885619                   /tmp/hsperfdata_wens/24501
7fdf55845000-7fdf55846000 rw-p 00000000 00:00 0 
7fdf55846000-7fdf55847000 ---p 00000000 00:00 0 
7fdf55847000-7fdf55849000 rw-p 00000000 00:00 0 
7fdf55849000-7fdf5584a000 r--p 00022000 08:01 3408888                    /lib/x86_64-linux-gnu/ld-2.19.so
7fdf5584a000-7fdf5584b000 rw-p 00023000 08:01 3408888                    /lib/x86_64-linux-gnu/ld-2.19.so
7fdf5584b000-7fdf5584c000 rw-p 00000000 00:00 0 
7fffee373000-7fffee394000 rw-p 00000000 00:00 0                          [stack]
7fffee3fe000-7fffee400000 r-xp 00000000 00:00 0                          [vdso]
ffffffffff600000-ffffffffff601000 r-xp 00000000 00:00 0                  [vsyscall]

VM Arguments:
jvm_args: -Dfile.encoding=UTF-8 
java_command: Main.Main
java_class_path (initial): /home/wens/NetBeansProjects/MassSpec/lib/commons-io-2.4.jar:/home/wens/NetBeansProjects/MassSpec/lib/jide-oss.jar:/home/wens/NetBeansProjects/MassSpec/lib/jmathplot.jar:/home/wens/NetBeansProjects/MassSpec/lib/weka.jar:/home/wens/NetBeansProjects/MassSpec/build/classes
Launcher Type: SUN_STANDARD

Environment Variables:
JAVA_HOME=/usr/lib/jvm/java-8-oracle
PATH=/home/wens/bin:/usr/local/sbin:/usr/local/bin:/usr/sbin:/usr/bin:/sbin:/bin:/usr/games:/usr/local/games:/usr/lib/jvm/java-8-oracle/bin:/usr/lib/jvm/java-8-oracle/db/bin:/usr/lib/jvm/java-8-oracle/jre/bin
USERNAME=wens
LD_LIBRARY_PATH=/usr/lib/jvm/java-8-oracle/jre/lib/amd64:/usr/lib/jvm/java-8-oracle/jre/lib/i386:
SHELL=/bin/bash
DISPLAY=:0

Signal Handlers:
SIGSEGV: [libjvm.so+0xaba2a0], sa_mask[0]=11111111011111111101111111111110, sa_flags=SA_RESTART|SA_SIGINFO
SIGBUS: [libjvm.so+0xaba2a0], sa_mask[0]=11111111011111111101111111111110, sa_flags=SA_RESTART|SA_SIGINFO
SIGFPE: [libjvm.so+0x917710], sa_mask[0]=11111111011111111101111111111110, sa_flags=SA_RESTART|SA_SIGINFO
SIGPIPE: [libjvm.so+0x917710], sa_mask[0]=11111111011111111101111111111110, sa_flags=SA_RESTART|SA_SIGINFO
SIGXFSZ: [libjvm.so+0x917710], sa_mask[0]=11111111011111111101111111111110, sa_flags=SA_RESTART|SA_SIGINFO
SIGILL: [libjvm.so+0x917710], sa_mask[0]=11111111011111111101111111111110, sa_flags=SA_RESTART|SA_SIGINFO
SIGUSR1: SIG_DFL, sa_mask[0]=00000000000000000000000000000000, sa_flags=none
SIGUSR2: [libjvm.so+0x918d40], sa_mask[0]=00100000000000000000000000000000, sa_flags=SA_RESTART|SA_SIGINFO
SIGHUP: [libjvm.so+0x91a140], sa_mask[0]=11111111011111111101111111111110, sa_flags=SA_RESTART|SA_SIGINFO
SIGINT: SIG_IGN, sa_mask[0]=00000000000000000000000000000000, sa_flags=none
SIGTERM: [libjvm.so+0x91a140], sa_mask[0]=11111111011111111101111111111110, sa_flags=SA_RESTART|SA_SIGINFO
SIGQUIT: [libjvm.so+0x91a140], sa_mask[0]=11111111011111111101111111111110, sa_flags=SA_RESTART|SA_SIGINFO


---------------  S Y S T E M  ---------------

OS:DISTRIB_ID=LinuxMint
DISTRIB_RELEASE=17.1
DISTRIB_CODENAME=rebecca
DISTRIB_DESCRIPTION="Linux Mint 17.1 Rebecca"

uname:Linux 3.13.0-37-generic #64-Ubuntu SMP Mon Sep 22 21:28:38 UTC 2014 x86_64
libc:glibc 2.19 NPTL 2.19 
rlimit: STACK 8192k, CORE 0k, NPROC 192346, NOFILE 4096, AS infinity
load average:2,24 2,15 1,67

/proc/meminfo:
MemTotal:       24651100 kB
MemFree:        14430172 kB
Buffers:          256836 kB
Cached:          3445376 kB
SwapCached:            0 kB
Active:          7358716 kB
Inactive:        2315548 kB
Active(anon):    5974044 kB
Inactive(anon):    59492 kB
Active(file):    1384672 kB
Inactive(file):  2256056 kB
Unevictable:          16 kB
Mlocked:              16 kB
SwapTotal:      25124860 kB
SwapFree:       25124860 kB
Dirty:              3124 kB
Writeback:             0 kB
AnonPages:       5972104 kB
Mapped:           434588 kB
Shmem:             61488 kB
Slab:             252744 kB
SReclaimable:     208652 kB
SUnreclaim:        44092 kB
KernelStack:        6576 kB
PageTables:        43444 kB
NFS_Unstable:          0 kB
Bounce:                0 kB
WritebackTmp:          0 kB
CommitLimit:    37450408 kB
Committed_AS:   10426620 kB
VmallocTotal:   34359738367 kB
VmallocUsed:      167900 kB
VmallocChunk:   34359564796 kB
HardwareCorrupted:     0 kB
AnonHugePages:   4235264 kB
HugePages_Total:       0
HugePages_Free:        0
HugePages_Rsvd:        0
HugePages_Surp:        0
Hugepagesize:       2048 kB
DirectMap4k:      203472 kB
DirectMap2M:    24922112 kB


CPU:total 8 (4 cores per cpu, 2 threads per core) family 6 model 58 stepping 9, cmov, cx8, fxsr, mmx, sse, sse2, sse3, ssse3, sse4.1, sse4.2, popcnt, avx, aes, clmul, erms, ht, tsc, tscinvbit, tscinv

/proc/cpuinfo:
processor	: 0
vendor_id	: GenuineIntel
cpu family	: 6
model		: 58
model name	: Intel(R) Core(TM) i7-3770 CPU @ 3.40GHz
stepping	: 9
microcode	: 0x12
cpu MHz		: 3392.227
cache size	: 8192 KB
physical id	: 0
siblings	: 8
core id		: 0
cpu cores	: 4
apicid		: 0
initial apicid	: 0
fpu		: yes
fpu_exception	: yes
cpuid level	: 13
wp		: yes
flags		: fpu vme de pse tsc msr pae mce cx8 apic sep mtrr pge mca cmov pat pse36 clflush dts acpi mmx fxsr sse sse2 ss ht tm pbe syscall nx rdtscp lm constant_tsc arch_perfmon pebs bts rep_good nopl xtopology nonstop_tsc aperfmperf eagerfpu pni pclmulqdq dtes64 monitor ds_cpl vmx smx est tm2 ssse3 cx16 xtpr pdcm pcid sse4_1 sse4_2 x2apic popcnt tsc_deadline_timer aes xsave avx f16c rdrand lahf_lm arat epb xsaveopt pln pts dtherm tpr_shadow vnmi flexpriority ept vpid fsgsbase smep erms
bogomips	: 6784.45
clflush size	: 64
cache_alignment	: 64
address sizes	: 36 bits physical, 48 bits virtual
power management:

processor	: 1
vendor_id	: GenuineIntel
cpu family	: 6
model		: 58
model name	: Intel(R) Core(TM) i7-3770 CPU @ 3.40GHz
stepping	: 9
microcode	: 0x12
cpu MHz		: 3392.227
cache size	: 8192 KB
physical id	: 0
siblings	: 8
core id		: 1
cpu cores	: 4
apicid		: 2
initial apicid	: 2
fpu		: yes
fpu_exception	: yes
cpuid level	: 13
wp		: yes
flags		: fpu vme de pse tsc msr pae mce cx8 apic sep mtrr pge mca cmov pat pse36 clflush dts acpi mmx fxsr sse sse2 ss ht tm pbe syscall nx rdtscp lm constant_tsc arch_perfmon pebs bts rep_good nopl xtopology nonstop_tsc aperfmperf eagerfpu pni pclmulqdq dtes64 monitor ds_cpl vmx smx est tm2 ssse3 cx16 xtpr pdcm pcid sse4_1 sse4_2 x2apic popcnt tsc_deadline_timer aes xsave avx f16c rdrand lahf_lm arat epb xsaveopt pln pts dtherm tpr_shadow vnmi flexpriority ept vpid fsgsbase smep erms
bogomips	: 6784.45
clflush size	: 64
cache_alignment	: 64
address sizes	: 36 bits physical, 48 bits virtual
power management:

processor	: 2
vendor_id	: GenuineIntel
cpu family	: 6
model		: 58
model name	: Intel(R) Core(TM) i7-3770 CPU @ 3.40GHz
stepping	: 9
microcode	: 0x12
cpu MHz		: 3392.227
cache size	: 8192 KB
physical id	: 0
siblings	: 8
core id		: 2
cpu cores	: 4
apicid		: 4
initial apicid	: 4
fpu		: yes
fpu_exception	: yes
cpuid level	: 13
wp		: yes
flags		: fpu vme de pse tsc msr pae mce cx8 apic sep mtrr pge mca cmov pat pse36 clflush dts acpi mmx fxsr sse sse2 ss ht tm pbe syscall nx rdtscp lm constant_tsc arch_perfmon pebs bts rep_good nopl xtopology nonstop_tsc aperfmperf eagerfpu pni pclmulqdq dtes64 monitor ds_cpl vmx smx est tm2 ssse3 cx16 xtpr pdcm pcid sse4_1 sse4_2 x2apic popcnt tsc_deadline_timer aes xsave avx f16c rdrand lahf_lm arat epb xsaveopt pln pts dtherm tpr_shadow vnmi flexpriority ept vpid fsgsbase smep erms
bogomips	: 6784.45
clflush size	: 64
cache_alignment	: 64
address sizes	: 36 bits physical, 48 bits virtual
power management:

processor	: 3
vendor_id	: GenuineIntel
cpu family	: 6
model		: 58
model name	: Intel(R) Core(TM) i7-3770 CPU @ 3.40GHz
stepping	: 9
microcode	: 0x12
cpu MHz		: 3392.227
cache size	: 8192 KB
physical id	: 0
siblings	: 8
core id		: 3
cpu cores	: 4
apicid		: 6
initial apicid	: 6
fpu		: yes
fpu_exception	: yes
cpuid level	: 13
wp		: yes
flags		: fpu vme de pse tsc msr pae mce cx8 apic sep mtrr pge mca cmov pat pse36 clflush dts acpi mmx fxsr sse sse2 ss ht tm pbe syscall nx rdtscp lm constant_tsc arch_perfmon pebs bts rep_good nopl xtopology nonstop_tsc aperfmperf eagerfpu pni pclmulqdq dtes64 monitor ds_cpl vmx smx est tm2 ssse3 cx16 xtpr pdcm pcid sse4_1 sse4_2 x2apic popcnt tsc_deadline_timer aes xsave avx f16c rdrand lahf_lm arat epb xsaveopt pln pts dtherm tpr_shadow vnmi flexpriority ept vpid fsgsbase smep erms
bogomips	: 6784.45
clflush size	: 64
cache_alignment	: 64
address sizes	: 36 bits physical, 48 bits virtual
power management:

processor	: 4
vendor_id	: GenuineIntel
cpu family	: 6
model		: 58
model name	: Intel(R) Core(TM) i7-3770 CPU @ 3.40GHz
stepping	: 9
microcode	: 0x12
cpu MHz		: 3392.227
cache size	: 8192 KB
physical id	: 0
siblings	: 8
core id		: 0
cpu cores	: 4
apicid		: 1
initial apicid	: 1
fpu		: yes
fpu_exception	: yes
cpuid level	: 13
wp		: yes
flags		: fpu vme de pse tsc msr pae mce cx8 apic sep mtrr pge mca cmov pat pse36 clflush dts acpi mmx fxsr sse sse2 ss ht tm pbe syscall nx rdtscp lm constant_tsc arch_perfmon pebs bts rep_good nopl xtopology nonstop_tsc aperfmperf eagerfpu pni pclmulqdq dtes64 monitor ds_cpl vmx smx est tm2 ssse3 cx16 xtpr pdcm pcid sse4_1 sse4_2 x2apic popcnt tsc_deadline_timer aes xsave avx f16c rdrand lahf_lm arat epb xsaveopt pln pts dtherm tpr_shadow vnmi flexpriority ept vpid fsgsbase smep erms
bogomips	: 6784.45
clflush size	: 64
cache_alignment	: 64
address sizes	: 36 bits physical, 48 bits virtual
power management:

processor	: 5
vendor_id	: GenuineIntel
cpu family	: 6
model		: 58
model name	: Intel(R) Core(TM) i7-3770 CPU @ 3.40GHz
stepping	: 9
microcode	: 0x12
cpu MHz		: 3392.227
cache size	: 8192 KB
physical id	: 0
siblings	: 8
core id		: 1
cpu cores	: 4
apicid		: 3
initial apicid	: 3
fpu		: yes
fpu_exception	: yes
cpuid level	: 13
wp		: yes
flags		: fpu vme de pse tsc msr pae mce cx8 apic sep mtrr pge mca cmov pat pse36 clflush dts acpi mmx fxsr sse sse2 ss ht tm pbe syscall nx rdtscp lm constant_tsc arch_perfmon pebs bts rep_good nopl xtopology nonstop_tsc aperfmperf eagerfpu pni pclmulqdq dtes64 monitor ds_cpl vmx smx est tm2 ssse3 cx16 xtpr pdcm pcid sse4_1 sse4_2 x2apic popcnt tsc_deadline_timer aes xsave avx f16c rdrand lahf_lm arat epb xsaveopt pln pts dtherm tpr_shadow vnmi flexpriority ept vpid fsgsbase smep erms
bogomips	: 6784.45
clflush size	: 64
cache_alignment	: 64
address sizes	: 36 bits physical, 48 bits virtual
power management:

processor	: 6
vendor_id	: GenuineIntel
cpu family	: 6
model		: 58
model name	: Intel(R) Core(TM) i7-3770 CPU @ 3.40GHz
stepping	: 9
microcode	: 0x12
cpu MHz		: 3392.227
cache size	: 8192 KB
physical id	: 0
siblings	: 8
core id		: 2
cpu cores	: 4
apicid		: 5
initial apicid	: 5
fpu		: yes
fpu_exception	: yes
cpuid level	: 13
wp		: yes
flags		: fpu vme de pse tsc msr pae mce cx8 apic sep mtrr pge mca cmov pat pse36 clflush dts acpi mmx fxsr sse sse2 ss ht tm pbe syscall nx rdtscp lm constant_tsc arch_perfmon pebs bts rep_good nopl xtopology nonstop_tsc aperfmperf eagerfpu pni pclmulqdq dtes64 monitor ds_cpl vmx smx est tm2 ssse3 cx16 xtpr pdcm pcid sse4_1 sse4_2 x2apic popcnt tsc_deadline_timer aes xsave avx f16c rdrand lahf_lm arat epb xsaveopt pln pts dtherm tpr_shadow vnmi flexpriority ept vpid fsgsbase smep erms
bogomips	: 6784.45
clflush size	: 64
cache_alignment	: 64
address sizes	: 36 bits physical, 48 bits virtual
power management:

processor	: 7
vendor_id	: GenuineIntel
cpu family	: 6
model		: 58
model name	: Intel(R) Core(TM) i7-3770 CPU @ 3.40GHz
stepping	: 9
microcode	: 0x12
cpu MHz		: 3392.227
cache size	: 8192 KB
physical id	: 0
siblings	: 8
core id		: 3
cpu cores	: 4
apicid		: 7
initial apicid	: 7
fpu		: yes
fpu_exception	: yes
cpuid level	: 13
wp		: yes
flags		: fpu vme de pse tsc msr pae mce cx8 apic sep mtrr pge mca cmov pat pse36 clflush dts acpi mmx fxsr sse sse2 ss ht tm pbe syscall nx rdtscp lm constant_tsc arch_perfmon pebs bts rep_good nopl xtopology nonstop_tsc aperfmperf eagerfpu pni pclmulqdq dtes64 monitor ds_cpl vmx smx est tm2 ssse3 cx16 xtpr pdcm pcid sse4_1 sse4_2 x2apic popcnt tsc_deadline_timer aes xsave avx f16c rdrand lahf_lm arat epb xsaveopt pln pts dtherm tpr_shadow vnmi flexpriority ept vpid fsgsbase smep erms
bogomips	: 6784.45
clflush size	: 64
cache_alignment	: 64
address sizes	: 36 bits physical, 48 bits virtual
power management:



Memory: 4k page, physical 24651100k(14430172k free), swap 25124860k(25124860k free)

vm_info: Java HotSpot(TM) 64-Bit Server VM (25.66-b17) for linux-amd64 JRE (1.8.0_66-b17), built on Oct  6 2015 17:28:34 by "java_re" with gcc 4.3.0 20080428 (Red Hat 4.3.0-8)

time: Wed Feb 10 21:08:39 2016
elapsed time: 1858 seconds (0d 0h 30m 58s)

